TN:
SF:src\config\auth.ts
FNF:0
FNH:0
DA:1,1
DA:2,1
DA:3,1
DA:4,1
DA:5,1
DA:6,1
DA:7,1
DA:8,1
DA:9,1
DA:10,1
LF:10
LH:10
BRDA:2,0,0,1
BRF:1
BRH:1
end_of_record
TN:
SF:src\modules\client\model\Client.ts
FN:8,Client
FNF:1
FNH:1
FNDA:2,Client
DA:1,1
DA:2,1
DA:3,1
DA:4,1
DA:5,1
DA:6,1
DA:7,1
DA:8,1
DA:9,2
DA:10,2
DA:11,2
DA:12,2
DA:13,1
LF:13
LH:13
BRDA:8,0,0,2
BRDA:11,1,0,0
BRF:2
BRH:1
end_of_record
TN:
SF:src\modules\client\model\RefreshToken.ts
FN:11,RefreshToken
FNF:1
FNH:1
FNDA:1,RefreshToken
DA:1,1
DA:2,1
DA:3,1
DA:4,1
DA:5,1
DA:6,1
DA:7,1
DA:8,1
DA:9,1
DA:10,1
DA:11,1
DA:12,1
DA:13,1
DA:14,1
DA:15,1
DA:16,1
DA:17,1
DA:18,1
LF:18
LH:18
BRDA:11,0,0,1
BRDA:16,1,0,0
BRF:2
BRH:1
end_of_record
TN:
SF:src\modules\client\repositories\Mock\FakeClientRepository.ts
FN:17,FakeClientRepository
FN:21,create
FN:42,findByEmail
FN:52,findById
FN:62,updateLastForgotPasswordRequest
FNF:5
FNH:3
FNDA:3,FakeClientRepository
FNDA:2,create
FNDA:2,findByEmail
FNDA:0,findById
FNDA:0,updateLastForgotPasswordRequest
DA:1,1
DA:2,1
DA:3,1
DA:4,1
DA:5,1
DA:6,1
DA:7,1
DA:8,1
DA:9,1
DA:10,1
DA:11,1
DA:12,1
DA:13,1
DA:14,1
DA:15,1
DA:16,1
DA:17,1
DA:18,3
DA:19,3
DA:20,1
DA:21,1
DA:22,2
DA:23,2
DA:24,2
DA:25,2
DA:26,2
DA:27,2
DA:28,2
DA:29,2
DA:30,2
DA:31,2
DA:32,2
DA:33,2
DA:34,2
DA:35,2
DA:36,2
DA:37,2
DA:38,2
DA:39,2
DA:40,2
DA:41,1
DA:42,1
DA:43,2
DA:44,2
DA:45,2
DA:46,2
DA:47,2
DA:48,2
DA:49,2
DA:50,2
DA:51,1
DA:52,1
DA:53,0
DA:54,0
DA:55,0
DA:56,0
DA:57,0
DA:58,0
DA:59,0
DA:60,0
DA:61,1
DA:62,1
DA:63,0
DA:64,0
DA:65,0
DA:66,0
DA:67,0
DA:68,0
DA:69,0
DA:70,0
DA:71,0
DA:72,1
LF:72
LH:55
BRDA:17,0,0,3
BRDA:21,1,0,2
BRDA:42,2,0,2
BRDA:46,3,0,1
BRF:4
BRH:4
end_of_record
TN:
SF:src\modules\client\repositories\Mock\FakeRefreshTokenRepository.ts
FN:8,FakeRefreshTokenRepository
FN:12,create
FN:30,ensureRefreshToken
FN:37,removeRefreshToken
FNF:4
FNH:2
FNDA:2,FakeRefreshTokenRepository
FNDA:1,create
FNDA:0,ensureRefreshToken
FNDA:0,removeRefreshToken
DA:1,1
DA:2,1
DA:3,1
DA:4,1
DA:5,1
DA:6,1
DA:7,1
DA:8,1
DA:9,2
DA:10,2
DA:11,1
DA:12,1
DA:13,1
DA:14,1
DA:15,1
DA:16,1
DA:17,1
DA:18,1
DA:19,1
DA:20,1
DA:21,1
DA:22,1
DA:23,1
DA:24,1
DA:25,1
DA:26,1
DA:27,1
DA:28,1
DA:29,1
DA:30,1
DA:31,0
DA:32,0
DA:33,0
DA:34,0
DA:35,0
DA:36,1
DA:37,1
DA:38,0
DA:39,0
DA:40,0
DA:41,0
DA:42,0
DA:43,0
DA:44,1
LF:44
LH:33
BRDA:8,0,0,2
BRDA:12,1,0,1
BRF:2
BRH:2
end_of_record
TN:
SF:src\modules\client\services\CreateClientService.ts
FN:14,CreateClientService
FN:15,execute
FNF:2
FNH:2
FNDA:1,CreateClientService
FNDA:1,execute
DA:1,1
DA:2,1
DA:3,1
DA:4,1
DA:5,1
DA:6,1
DA:7,1
DA:8,1
DA:9,1
DA:10,1
DA:11,1
DA:12,1
DA:13,1
DA:14,1
DA:15,1
DA:16,1
DA:17,1
DA:18,1
DA:19,1
DA:20,1
DA:21,1
DA:22,1
DA:23,1
DA:24,1
DA:25,1
DA:26,1
DA:27,1
DA:28,1
DA:29,1
DA:30,1
DA:31,1
DA:32,1
DA:33,1
DA:34,1
DA:35,1
LF:35
LH:35
BRDA:14,0,0,1
BRDA:15,1,0,1
BRF:2
BRH:2
end_of_record
TN:
SF:src\modules\client\services\Auth\TokenService.ts
FN:21,TokenService
FN:27,execute
FNF:2
FNH:2
FNDA:2,TokenService
FNDA:2,execute
DA:1,1
DA:2,1
DA:3,1
DA:4,1
DA:5,1
DA:6,1
DA:7,1
DA:8,1
DA:9,1
DA:10,1
DA:11,1
DA:12,1
DA:13,1
DA:14,1
DA:15,1
DA:16,1
DA:17,1
DA:18,1
DA:19,1
DA:20,1
DA:21,1
DA:22,2
DA:23,2
DA:24,2
DA:25,2
DA:26,1
DA:27,1
DA:28,2
DA:29,2
DA:30,2
DA:31,2
DA:32,2
DA:33,2
DA:34,2
DA:35,2
DA:36,2
DA:37,1
DA:38,1
DA:39,1
DA:40,1
DA:41,1
DA:42,1
DA:43,1
DA:44,1
DA:45,1
DA:46,1
DA:47,1
DA:48,1
DA:49,1
DA:50,2
DA:51,0
DA:52,0
DA:53,0
DA:54,0
DA:55,0
DA:56,0
DA:57,1
DA:58,1
DA:59,1
DA:60,1
DA:61,1
DA:62,1
DA:63,1
DA:64,1
DA:65,1
DA:66,1
DA:67,1
DA:68,1
DA:69,1
DA:70,1
DA:71,1
DA:72,1
DA:73,1
DA:74,1
DA:75,1
DA:76,1
DA:77,1
DA:78,1
DA:79,1
DA:80,1
DA:81,1
DA:82,1
DA:83,1
DA:84,1
DA:85,1
DA:86,1
DA:87,1
DA:88,1
DA:89,1
DA:90,1
DA:91,1
DA:92,1
DA:93,1
DA:94,1
DA:95,1
DA:96,1
DA:97,1
DA:98,1
DA:99,1
DA:100,1
DA:101,1
DA:102,1
LF:102
LH:96
BRDA:21,0,0,2
BRDA:27,1,0,2
BRDA:36,2,0,1
BRDA:50,3,0,0
BRDA:57,4,0,1
BRF:5
BRH:4
end_of_record
TN:
SF:src\shared\infra\errors\AppError.ts
FN:6,AppError
FNF:1
FNH:1
FNDA:1,AppError
DA:1,1
DA:2,1
DA:3,1
DA:4,1
DA:5,1
DA:6,1
DA:7,1
DA:8,1
DA:9,1
DA:10,1
DA:11,1
LF:11
LH:11
BRDA:6,0,0,1
BRF:1
BRH:1
end_of_record
TN:
SF:src\shared\providers\Date\implementations\DateProvider.ts
FN:9,compareInHour
FN:21,replaceToUTC
FN:31,dateNow
FN:41,addDays
FN:50,addHour
FN:58,addMinutes
FN:67,compareIfBefore
FN:77,compareInDays
FN:91,compareInMinutes
FNF:9
FNH:1
FNDA:0,compareInHour
FNDA:0,replaceToUTC
FNDA:0,dateNow
FNDA:1,addDays
FNDA:0,addHour
FNDA:0,addMinutes
FNDA:0,compareIfBefore
FNDA:0,compareInDays
FNDA:0,compareInMinutes
DA:1,1
DA:2,1
DA:3,1
DA:4,1
DA:5,1
DA:6,1
DA:7,1
DA:8,1
DA:9,1
DA:10,0
DA:11,0
DA:12,0
DA:13,0
DA:14,0
DA:15,0
DA:16,0
DA:17,0
DA:18,0
DA:19,0
DA:20,1
DA:21,1
DA:22,0
DA:23,0
DA:24,0
DA:25,0
DA:26,0
DA:27,0
DA:28,0
DA:29,0
DA:30,1
DA:31,1
DA:32,0
DA:33,0
DA:34,0
DA:35,0
DA:36,0
DA:37,0
DA:38,0
DA:39,0
DA:40,1
DA:41,1
DA:42,1
DA:43,1
DA:44,1
DA:45,1
DA:46,1
DA:47,1
DA:48,1
DA:49,1
DA:50,1
DA:51,0
DA:52,0
DA:53,0
DA:54,0
DA:55,0
DA:56,0
DA:57,0
DA:58,1
DA:59,0
DA:60,0
DA:61,0
DA:62,0
DA:63,0
DA:64,0
DA:65,0
DA:66,1
DA:67,1
DA:68,0
DA:69,0
DA:70,0
DA:71,0
DA:72,0
DA:73,0
DA:74,0
DA:75,0
DA:76,1
DA:77,1
DA:78,0
DA:79,0
DA:80,0
DA:81,0
DA:82,0
DA:83,0
DA:84,0
DA:85,0
DA:86,0
DA:87,0
DA:88,0
DA:89,0
DA:90,1
DA:91,1
DA:92,0
DA:93,0
DA:94,0
DA:95,0
DA:96,0
DA:97,1
DA:98,1
LF:98
LH:33
BRDA:41,0,0,1
BRF:1
BRH:1
end_of_record
